<?xml version="1.0" encoding="UTF-8"?>
<!-- Generated by org.testng.reporters.JUnitReportReporter -->
<testsuite hostname="DESKTOP-PEO0NL5" failures="0" tests="1" name="com.test.TestLocalAPI" time="10.207" errors="0" timestamp="2024-06-20T18:11:40 IST" skipped="0">
  <testcase classname="com.test.TestLocalAPI" name="delete" time="10.207"/>
  <system-out/>
</testsuite> <!-- com.test.TestLocalAPI -->
