<?xml version="1.0" encoding="UTF-8"?>
<!-- Generated by org.testng.reporters.JUnitReportReporter -->
<testsuite hostname="DESKTOP-PEO0NL5" failures="0" tests="1" name="com.test.Get" time="12.760" errors="0" timestamp="2024-06-20T15:15:53 IST" skipped="0">
  <testcase classname="com.test.Get" name="get" time="12.760"/>
  <system-out/>
</testsuite> <!-- com.test.Get -->
